<?xml version="1.0" encoding="UTF-8"?>
<testsuite name="com.shopify.sdk.client.ShopifyGraphQLClientTest" tests="2" skipped="0" failures="0" errors="0" timestamp="2025-07-12T17:59:09" hostname="Ryans-MacBook-Pro.local" time="0.839">
  <properties/>
  <testcase name="shouldExecuteSimpleQuery()" classname="com.shopify.sdk.client.ShopifyGraphQLClientTest" time="0.834"/>
  <testcase name="shouldExecuteStorefrontQuery()" classname="com.shopify.sdk.client.ShopifyGraphQLClientTest" time="0.003"/>
  <system-out><![CDATA[]]></system-out>
  <system-err><![CDATA[WARNING: A Java agent has been loaded dynamically (/Users/ryankim/.gradle/caches/modules-2/files-2.1/net.bytebuddy/byte-buddy-agent/1.14.10/90ed94ac044ea8953b224304c762316e91fd6b31/byte-buddy-agent-1.14.10.jar)
WARNING: If a serviceability tool is in use, please run with -XX:+EnableDynamicAgentLoading to hide this warning
WARNING: If a serviceability tool is not in use, please run with -Djdk.instrument.traceUsage for more information
WARNING: Dynamic loading of agents will be disallowed by default in a future release
]]></system-err>
</testsuite>
