<?xml version="1.0" encoding="UTF-8"?>
<testsuite name="com.shopify.sdk.session.InMemorySessionStoreTest" tests="10" skipped="0" failures="0" errors="0" timestamp="2025-07-12T17:59:10" hostname="Ryans-MacBook-Pro.local" time="0.023">
  <properties/>
  <testcase name="Should update existing session" classname="com.shopify.sdk.session.InMemorySessionStoreTest" time="0.003"/>
  <testcase name="Should delete sessions by shop" classname="com.shopify.sdk.session.InMemorySessionStoreTest" time="0.002"/>
  <testcase name="Should delete session" classname="com.shopify.sdk.session.InMemorySessionStoreTest" time="0.001"/>
  <testcase name="Should handle non-existent session gracefully" classname="com.shopify.sdk.session.InMemorySessionStoreTest" time="0.001"/>
  <testcase name="Should find sessions by shop" classname="com.shopify.sdk.session.InMemorySessionStoreTest" time="0.001"/>
  <testcase name="Should delete non-existent session gracefully" classname="com.shopify.sdk.session.InMemorySessionStoreTest" time="0.0"/>
  <testcase name="Should handle empty shop query" classname="com.shopify.sdk.session.InMemorySessionStoreTest" time="0.001"/>
  <testcase name="Should store and load session" classname="com.shopify.sdk.session.InMemorySessionStoreTest" time="0.0"/>
  <testcase name="Should handle concurrent access" classname="com.shopify.sdk.session.InMemorySessionStoreTest" time="0.01"/>
  <testcase name="Should maintain session isolation" classname="com.shopify.sdk.session.InMemorySessionStoreTest" time="0.0"/>
  <system-out><![CDATA[]]></system-out>
  <system-err><![CDATA[]]></system-err>
</testsuite>
