<?xml version="1.0" encoding="UTF-8"?>
<testsuite name="com.shopify.sdk.service.order.OrderServiceTest" tests="4" skipped="0" failures="0" errors="0" timestamp="2025-07-12T17:59:10" hostname="Ryans-MacBook-Pro.local" time="0.074">
  <properties/>
  <testcase name="Should handle GraphQL errors gracefully" classname="com.shopify.sdk.service.order.OrderServiceTest" time="0.003"/>
  <testcase name="Should get single order by ID" classname="com.shopify.sdk.service.order.OrderServiceTest" time="0.038"/>
  <testcase name="Should fetch orders successfully" classname="com.shopify.sdk.service.order.OrderServiceTest" time="0.021"/>
  <testcase name="Should cancel order successfully" classname="com.shopify.sdk.service.order.OrderServiceTest" time="0.011"/>
  <system-out><![CDATA[]]></system-out>
  <system-err><![CDATA[]]></system-err>
</testsuite>
