<?xml version="1.0" encoding="UTF-8"?>
<testsuite name="com.shopify.sdk.ratelimit.RateLimitServiceTest" tests="9" skipped="0" failures="0" errors="0" timestamp="2025-07-12T17:59:10" hostname="Ryans-MacBook-Pro.local" time="0.024">
  <properties/>
  <testcase name="Should respect rate limit for GraphQL API" classname="com.shopify.sdk.ratelimit.RateLimitServiceTest" time="0.01"/>
  <testcase name="Should respect rate limit for REST API" classname="com.shopify.sdk.ratelimit.RateLimitServiceTest" time="0.001"/>
  <testcase name="Should acquire GraphQL permit with custom cost" classname="com.shopify.sdk.ratelimit.RateLimitServiceTest" time="0.0"/>
  <testcase name="Should update rate limit from GraphQL response" classname="com.shopify.sdk.ratelimit.RateLimitServiceTest" time="0.0"/>
  <testcase name="Should acquire REST API permit" classname="com.shopify.sdk.ratelimit.RateLimitServiceTest" time="0.0"/>
  <testcase name="Should handle null extensions in GraphQL response" classname="com.shopify.sdk.ratelimit.RateLimitServiceTest" time="0.001"/>
  <testcase name="Should update rate limit from REST API headers" classname="com.shopify.sdk.ratelimit.RateLimitServiceTest" time="0.001"/>
  <testcase name="Should handle concurrent REST requests" classname="com.shopify.sdk.ratelimit.RateLimitServiceTest" time="0.008"/>
  <testcase name="Should acquire GraphQL permit" classname="com.shopify.sdk.ratelimit.RateLimitServiceTest" time="0.0"/>
  <system-out><![CDATA[]]></system-out>
  <system-err><![CDATA[]]></system-err>
</testsuite>
